[debug] [2023-04-05T14:36:45.325Z] ----------------------------------------------------------------------
[debug] [2023-04-05T14:36:45.327Z] Command:       C:\Program Files\nodejs\node.exe C:\Users\surya\AppData\Roaming\npm\node_modules\firebase-tools\lib\bin\firebase.js init
[debug] [2023-04-05T14:36:45.328Z] CLI Version:   11.25.2
[debug] [2023-04-05T14:36:45.328Z] Platform:      win32
[debug] [2023-04-05T14:36:45.328Z] Node Version:  v18.12.1
[debug] [2023-04-05T14:36:45.329Z] Time:          Wed Apr 05 2023 20:06:45 GMT+0530 (India Standard Time)
[debug] [2023-04-05T14:36:45.329Z] ----------------------------------------------------------------------
[debug] 
[debug] [2023-04-05T14:36:45.332Z] >>> [apiv2][query] GET https://firebase-public.firebaseio.com/cli.json [none]
[debug] [2023-04-05T14:36:45.442Z] > command requires scopes: ["email","openid","https://www.googleapis.com/auth/cloudplatformprojects.readonly","https://www.googleapis.com/auth/firebase","https://www.googleapis.com/auth/cloud-platform"]
[debug] [2023-04-05T14:36:45.443Z] > authorizing via signed-in user (suryasingh11112003@gmail.com)
[info] 
     ######## #### ########  ######## ########     ###     ######  ########
     ##        ##  ##     ## ##       ##     ##  ##   ##  ##       ##
     ######    ##  ########  ######   ########  #########  ######  ######
     ##        ##  ##    ##  ##       ##     ## ##     ##       ## ##
     ##       #### ##     ## ######## ########  ##     ##  ######  ########

You're about to initialize a Firebase project in this directory:

  C:\Users\surya\Desktop\opportunist

Before we get started, keep in mind:

  * You are initializing within an existing Firebase project directory

[debug] [2023-04-05T14:36:46.126Z] <<< [apiv2][status] GET https://firebase-public.firebaseio.com/cli.json 200
[debug] [2023-04-05T14:36:46.126Z] <<< [apiv2][body] GET https://firebase-public.firebaseio.com/cli.json {"cloudBuildErrorAfter":1594252800000,"cloudBuildWarnAfter":1590019200000,"defaultNode10After":1594252800000,"minVersion":"3.0.5","node8DeploysDisabledAfter":1613390400000,"node8RuntimeDisabledAfter":1615809600000,"node8WarnAfter":1600128000000}
[info] 
=== Project Setup
[info] 
[info] First, let's associate this project directory with a Firebase project.
[info] You can create multiple project aliases by running firebase use --add, 
[info] but for now we'll just set up a default project.
[info] 
[debug] [2023-04-05T14:37:42.857Z] Using project from CLI flag: opportunist
[debug] [2023-04-05T14:37:42.858Z] > refreshing access token with scopes: []
[debug] [2023-04-05T14:37:42.859Z] >>> [apiv2][query] POST https://www.googleapis.com/oauth2/v3/token [none]
[debug] [2023-04-05T14:37:42.859Z] >>> [apiv2][body] POST https://www.googleapis.com/oauth2/v3/token [omitted]
[debug] [2023-04-05T14:37:43.112Z] <<< [apiv2][status] POST https://www.googleapis.com/oauth2/v3/token 200
[debug] [2023-04-05T14:37:43.112Z] <<< [apiv2][body] POST https://www.googleapis.com/oauth2/v3/token [omitted]
[debug] [2023-04-05T14:37:43.121Z] >>> [apiv2][query] GET https://firebase.googleapis.com/v1beta1/projects/opportunist [none]
[debug] [2023-04-05T14:37:43.660Z] <<< [apiv2][status] GET https://firebase.googleapis.com/v1beta1/projects/opportunist 403
[debug] [2023-04-05T14:37:43.660Z] <<< [apiv2][body] GET https://firebase.googleapis.com/v1beta1/projects/opportunist {"error":{"code":403,"message":"The caller does not have permission","status":"PERMISSION_DENIED"}}
[debug] [2023-04-05T14:37:43.662Z] HTTP Error: 403, The caller does not have permission
[debug] [2023-04-05T14:37:44.432Z] FirebaseError: HTTP Error: 403, The caller does not have permission
    at responseToError (C:\Users\surya\AppData\Roaming\npm\node_modules\firebase-tools\lib\responseToError.js:49:12)
    at RetryOperation._fn (C:\Users\surya\AppData\Roaming\npm\node_modules\firebase-tools\lib\apiv2.js:288:77)
    at process.processTicksAndRejections (node:internal/process/task_queues:95:5)
[error] 
[error] Error: Failed to get Firebase project opportunist. Please make sure the project exists and your account has permission to access it.
